<?xml version="1.0" encoding="UTF-8"?>
<testng-results ignored="0" total="1" passed="1" failed="0" skipped="0">
  <reporter-output>
  </reporter-output>
  <suite started-at="2018-06-17T13:07:35Z" name="Suite" finished-at="2018-06-17T13:07:43Z" duration-ms="8408">
    <groups>
    </groups>
    <test started-at="2018-06-17T13:07:35Z" name="Test" finished-at="2018-06-17T13:07:43Z" duration-ms="8408">
      <class name="Driver.lab2">
        <test-method signature="m1()[pri:0, instance:Driver.lab2@7b98f307]" started-at="2018-06-17T13:07:35Z" name="m1" finished-at="2018-06-17T13:07:43Z" duration-ms="8316" status="PASS">
          <reporter-output>
          </reporter-output>
        </test-method> <!-- m1 -->
      </class> <!-- Driver.lab2 -->
    </test> <!-- Test -->
  </suite> <!-- Suite -->
</testng-results>
