<?xml version="1.0" encoding="UTF-8"?>
<testng-results ignored="0" total="1" passed="1" failed="0" skipped="0">
  <reporter-output>
  </reporter-output>
  <suite started-at="2018-06-17T11:40:54Z" name="Default suite" finished-at="2018-06-17T11:41:02Z" duration-ms="8235">
    <groups>
    </groups>
    <test started-at="2018-06-17T11:40:54Z" name="Default test" finished-at="2018-06-17T11:41:02Z" duration-ms="8235">
      <class name="Driver.lab2">
        <test-method signature="m1()[pri:0, instance:Driver.lab2@5609159b]" started-at="2018-06-17T11:40:54Z" name="m1" finished-at="2018-06-17T11:41:02Z" duration-ms="8101" status="PASS">
          <reporter-output>
          </reporter-output>
        </test-method> <!-- m1 -->
      </class> <!-- Driver.lab2 -->
    </test> <!-- Default test -->
  </suite> <!-- Default suite -->
</testng-results>
